<?xml version="1.0" encoding="UTF-8"?>
<testng-results skipped="0" failed="0" ignored="0" total="1" passed="1">
  <reporter-output>
  </reporter-output>
  <suite name="testNG Suite" duration-ms="17529" started-at="2021-07-02T12:58:59 IST" finished-at="2021-07-02T12:59:16 IST">
    <groups>
    </groups>
    <test name="framework" duration-ms="17529" started-at="2021-07-02T12:58:59 IST" finished-at="2021-07-02T12:59:16 IST">
      <class name="driver.DriverScript">
        <test-method status="PASS" signature="loasClasses()[pri:0, instance:driver.DriverScript@20398b7c]" name="loasClasses" is-config="true" duration-ms="285" started-at="2021-07-02T12:58:58 IST" finished-at="2021-07-02T12:58:59 IST">
          <reporter-output>
          </reporter-output>
        </test-method> <!-- loasClasses -->
        <test-method status="PASS" signature="executeTests()[pri:0, instance:driver.DriverScript@20398b7c]" name="executeTests" duration-ms="17500" started-at="2021-07-02T12:58:59 IST" finished-at="2021-07-02T12:59:16 IST">
          <reporter-output>
          </reporter-output>
        </test-method> <!-- executeTests -->
      </class> <!-- driver.DriverScript -->
    </test> <!-- framework -->
  </suite> <!-- testNG Suite -->
</testng-results>
