<?xml version="1.0" encoding="UTF-8"?>
<testng-results skipped="0" failed="0" ignored="0" total="1" passed="1">
  <reporter-output>
  </reporter-output>
  <suite name="Default suite" duration-ms="15766" started-at="2021-07-02T13:03:47 IST" finished-at="2021-07-02T13:04:02 IST">
    <groups>
    </groups>
    <test name="Default test" duration-ms="15766" started-at="2021-07-02T13:03:47 IST" finished-at="2021-07-02T13:04:02 IST">
      <class name="driver.DriverScript">
        <test-method status="PASS" signature="loasClasses()[pri:0, instance:driver.DriverScript@23d2a7e8]" name="loasClasses" is-config="true" duration-ms="125" started-at="2021-07-02T13:03:47 IST" finished-at="2021-07-02T13:03:47 IST">
          <reporter-output>
          </reporter-output>
        </test-method> <!-- loasClasses -->
        <test-method status="PASS" signature="executeTests()[pri:0, instance:driver.DriverScript@23d2a7e8]" name="executeTests" duration-ms="15713" started-at="2021-07-02T13:03:47 IST" finished-at="2021-07-02T13:04:02 IST">
          <reporter-output>
          </reporter-output>
        </test-method> <!-- executeTests -->
      </class> <!-- driver.DriverScript -->
    </test> <!-- Default test -->
  </suite> <!-- Default suite -->
</testng-results>
